d:\labs_bstu_sem3\daa-2024\daa-2024\debug\vc143.pdb
d:\labs_bstu_sem3\daa-2024\daa-2024\debug\vc143.idb
d:\labs_bstu_sem3\daa-2024\daa-2024\debug\sa.obj
d:\labs_bstu_sem3\daa-2024\daa-2024\debug\pn.obj
d:\labs_bstu_sem3\daa-2024\daa-2024\debug\parm.obj
d:\labs_bstu_sem3\daa-2024\daa-2024\debug\mfst.obj
d:\labs_bstu_sem3\daa-2024\daa-2024\debug\lt.obj
d:\labs_bstu_sem3\daa-2024\daa-2024\debug\log.obj
d:\labs_bstu_sem3\daa-2024\daa-2024\debug\la.obj
d:\labs_bstu_sem3\daa-2024\daa-2024\debug\it.obj
d:\labs_bstu_sem3\daa-2024\daa-2024\debug\in.obj
d:\labs_bstu_sem3\daa-2024\daa-2024\debug\grb.obj
d:\labs_bstu_sem3\daa-2024\daa-2024\debug\genasm.obj
d:\labs_bstu_sem3\daa-2024\daa-2024\debug\fst.obj
d:\labs_bstu_sem3\daa-2024\daa-2024\debug\error.obj
d:\labs_bstu_sem3\daa-2024\daa-2024\debug\daa-2024.obj
d:\labs_bstu_sem3\daa-2024\daa-2024\debug\daa-2024.ilk
d:\labs_bstu_sem3\daa-2024\debug\daa-2024.exe
d:\labs_bstu_sem3\daa-2024\debug\daa-2024.pdb
d:\labs_bstu_sem3\daa-2024\daa-2024\debug\daa-2024.tlog\cl.command.1.tlog
d:\labs_bstu_sem3\daa-2024\daa-2024\debug\daa-2024.tlog\cl.items.tlog
d:\labs_bstu_sem3\daa-2024\daa-2024\debug\daa-2024.tlog\cl.read.1.tlog
d:\labs_bstu_sem3\daa-2024\daa-2024\debug\daa-2024.tlog\cl.write.1.tlog
d:\labs_bstu_sem3\daa-2024\daa-2024\debug\daa-2024.tlog\link.command.1.tlog
d:\labs_bstu_sem3\daa-2024\daa-2024\debug\daa-2024.tlog\link.read.1.tlog
d:\labs_bstu_sem3\daa-2024\daa-2024\debug\daa-2024.tlog\link.write.1.tlog
