Microsoft (R) Macro Assembler Version 14.37.32822.0	    12/19/24 21:44:05
in.txt.asm						     Page 1 - 1


				.586P
				.MODEL FLAT, STDCALL
				includelib kernel32.lib
				includelib libucrt.lib
				includelib "..\Debug\Library.lib
				EXTRN comp: PROC
				EXTRN concat: PROC
				EXTRN copy: PROC
				EXTRN ConsNum: PROC
				EXTRN ConsStr: PROC
				EXTRN ConsBool: PROC
				EXTRN consPause: proc
				ExitProcess PROTO : DWORD

				.STACK 4096
 00000000			.CONST

 00000000 48 75 69 00			L1 db "Hui" , 0
 00000004 00000000			L2 dd 0

 00000000			.DATA

 00000000  00000100 [			buffer BYTE 256 dup(0)
	    00
	   ]

 00000000			.CODE


 00000000			Program PROC
 00000000			START:

 00000000  B8 00000000 R	mov EAX, offset L1
 00000005  50			push EAX
 00000006  E8 00000000 E	call ConsStr

 0000000B  A1 00000004 R	mov eax, L2
 00000010  6A 00		push 0
 00000012  E8 00000000 E	call consPause
 00000017  E8 00000000 E	call ExitProcess
 0000001C			Program ENDP
				end Program
Microsoft (R) Macro Assembler Version 14.37.32822.0	    12/19/24 21:44:05
in.txt.asm						     Symbols 2 - 1




Segments and Groups:

                N a m e                 Size     Length   Align   Combine Class

CONST  . . . . . . . . . . . . .	32 Bit	 00000008 Para	  Public  'CONST'	 ReadOnly
FLAT . . . . . . . . . . . . . .	GROUP
STACK  . . . . . . . . . . . . .	32 Bit	 00001000 Para	  Stack	  'STACK'	 
_DATA  . . . . . . . . . . . . .	32 Bit	 00000100 Para	  Public  'DATA'	
_TEXT  . . . . . . . . . . . . .	32 Bit	 0000001C Para	  Public  'CODE'	


Procedures, parameters, and locals:

                N a m e                 Type     Value    Attr

ExitProcess  . . . . . . . . . .	P Near	 00000000 FLAT	Length= 00000000 External STDCALL
Program  . . . . . . . . . . . .	P Near	 00000000 _TEXT	Length= 0000001C Public STDCALL
  START  . . . . . . . . . . . .	L Near	 00000000 _TEXT	


Symbols:

                N a m e                 Type     Value    Attr

@CodeSize  . . . . . . . . . . .	Number	 00000000h   
@DataSize  . . . . . . . . . . .	Number	 00000000h   
@Interface . . . . . . . . . . .	Number	 00000003h   
@Model . . . . . . . . . . . . .	Number	 00000007h   
@code  . . . . . . . . . . . . .	Text   	 _TEXT
@data  . . . . . . . . . . . . .	Text   	 FLAT
@fardata?  . . . . . . . . . . .	Text   	 FLAT
@fardata . . . . . . . . . . . .	Text   	 FLAT
@stack . . . . . . . . . . . . .	Text   	 FLAT
ConsBool . . . . . . . . . . . .	L Near	 00000000 FLAT	External STDCALL
ConsNum  . . . . . . . . . . . .	L Near	 00000000 FLAT	External STDCALL
ConsStr  . . . . . . . . . . . .	L Near	 00000000 FLAT	External STDCALL
L1 . . . . . . . . . . . . . . .	Byte	 00000000 CONST	
L2 . . . . . . . . . . . . . . .	DWord	 00000004 CONST	
buffer . . . . . . . . . . . . .	Byte	 00000000 _DATA	
comp . . . . . . . . . . . . . .	L Near	 00000000 FLAT	External STDCALL
concat . . . . . . . . . . . . .	L Near	 00000000 FLAT	External STDCALL
consPause  . . . . . . . . . . .	L Near	 00000000 FLAT	External STDCALL
copy . . . . . . . . . . . . . .	L Near	 00000000 FLAT	External STDCALL

	   0 Warnings
	   0 Errors
